Flutter crash report.
Please report a bug at https://github.com/flutter/flutter/issues.

## command

flutter run --machine --start-paused -d ANQL6R3404002310 --devtools-server-address http://127.0.0.1:9101/ --target lib\main.dart

## exception

SocketException: SocketException: The remote computer refused the network connection.
 (OS Error: The remote computer refused the network connection.
, errno = 1225), address = 127.0.0.1, port = 62776

```
#0      _NativeSocket.startConnect (dart:io-patch/socket_patch.dart:721:35)
#1      _RawSocket.startConnect (dart:io-patch/socket_patch.dart:1914:26)
#2      RawSocket.startConnect (dart:io-patch/socket_patch.dart:27:23)
#3      Socket._startConnect (dart:io-patch/socket_patch.dart:2138:22)
#4      Socket.startConnect (dart:io/socket.dart:766:21)
#5      _ConnectionTarget.connect (dart:_http/http_impl.dart:2486:20)
#6      _HttpClient._getConnection.connect (dart:_http/http_impl.dart:2924:12)
#7      _HttpClient._getConnection (dart:_http/http_impl.dart:2929:12)
#8      _HttpClient._openUrl (dart:_http/http_impl.dart:2784:12)
#9      _HttpClient.openUrl (dart:_http/http_impl.dart:2622:7)
#10     _WebSocketImpl.connect (dart:_http/websocket_impl.dart:1021:42)
#11     WebSocket.connect (dart:_http/websocket.dart:320:22)
#12     new IOWebSocketChannel.connect (package:web_socket_channel/io.dart:81:28)
#13     connect (package:web_socket_channel/src/_connect_io.dart:15:24)
#14     new WebSocketChannel.connect (package:web_socket_channel/src/channel.dart:115:16)
#15     _defaultWebSocketBuilder (package:dds/src/dds_impl.dart:52:27)
#16     DartDevelopmentServiceImpl.startService (package:dds/src/dds_impl.dart:80:40)
#17     DartDevelopmentService.startDartDevelopmentService (package:dds/dds.dart:97:19)
<asynchronous suspension>
#18     DartDevelopmentService.startDartDevelopmentService (package:flutter_tools/src/base/dds.dart:55:22)
<asynchronous suspension>
#19     FlutterDevice.connect.<anonymous closure> (package:flutter_tools/src/resident_runner.dart:298:11)
<asynchronous suspension>
```

## flutter doctor

```
[✓] Flutter (Channel stable, 3.13.6, on Microsoft Windows [Version 10.0.19045.3570], locale en-PH)
    • Flutter version 3.13.6 on channel stable at C:\src\flutter
    • Upstream repository https://github.com/flutter/flutter.git
    • Framework revision ead455963c (4 weeks ago), 2023-09-26 18:28:17 -0700
    • Engine revision a794cf2681
    • Dart version 3.1.3
    • DevTools version 2.25.0

[✓] Windows Version (Installed version of Windows is version 10 or higher)

[✓] Android toolchain - develop for Android devices (Android SDK version 34.0.0)
    • Android SDK at C:\android_sdk
    • Platform android-34, build-tools 34.0.0
    • Java binary at: C:\Program Files\Java\jdk-17\bin\java
    • Java version Java(TM) SE Runtime Environment (build 17.0.8+9-LTS-211)
    • All Android licenses accepted.

[✓] Chrome - develop for the web
    • Chrome at C:\Program Files\Google\Chrome\Application\chrome.exe

[✗] Visual Studio - develop Windows apps
    ✗ Visual Studio not installed; this is necessary to develop Windows apps.
      Download at https://visualstudio.microsoft.com/downloads/.
      Please install the "Desktop development with C++" workload, including all of its default components

[!] Android Studio (version unknown)
    • Android Studio at /
    • Flutter plugin can be installed from:
      🔨 https://plugins.jetbrains.com/plugin/9212-flutter
    • Dart plugin can be installed from:
      🔨 https://plugins.jetbrains.com/plugin/6351-dart
    ✗ Unable to determine Android Studio version.
    ✗ android-studio-dir = /
    ✗ Unable to find bundled Java version.
    • Try updating or re-installing Android Studio.
    • Consider removing your android-studio-dir setting by running:
      flutter config --android-studio-dir=

[✓] VS Code (version 1.83.1)
    • VS Code at C:\Users\Anna Jessa\AppData\Local\Programs\Microsoft VS Code
    • Flutter extension version 3.74.0

[✓] Connected device (4 available)
    • RMO NX1 (mobile)  • ANQL6R3404002310 • android-arm64  • Android 13 (API 33)
    • Windows (desktop) • windows          • windows-x64    • Microsoft Windows [Version 10.0.19045.3570]
    • Chrome (web)      • chrome           • web-javascript • Google Chrome 118.0.5993.89
    • Edge (web)        • edge             • web-javascript • Microsoft Edge 118.0.2088.61

[✓] Network resources
    • All expected network resources are available.

! Doctor found issues in 2 categories.
```
